**********************
Inicio de la transcripción de Windows PowerShell
Hora de inicio: 20251125215105
Nombre de usuario: ELIAS\eliax
Usuario RunAs: ELIAS\eliax
Nombre de la configuración: 
Máquina: ELIAS (Microsoft Windows NT 10.0.22631.0)
Aplicación host: C:\Windows\System32\WindowsPowerShell\v1.0\powershell.exe -noexit -command try { . "d:\Microsoft VS Code\resources\app\out\vs\workbench\contrib\terminal\common\scripts\shellIntegration.ps1" } catch {}
Id. de proceso: 4216
PSVersion: 5.1.22621.6060
PSEdition: Desktop
PSCompatibleVersions: 1.0, 2.0, 3.0, 4.0, 5.0, 5.1.22621.6060
BuildVersion: 10.0.22621.6060
CLRVersion: 4.0.30319.42000
WSManStackVersion: 3.0
PSRemotingProtocolVersion: 2.3
SerializationVersion: 1.1.0.1
**********************
La transcripción ha comenzado. El archivo de salida es setup.log
======================================================
INICIANDO CONFIGURACION DEL ENTORNO DE DESARROLLO
======================================================

[FASE 1/6] Preparando el entorno virtual...
Verificando instalacion de Python...
Python encontrado.
Creando entorno virtual en '..\.venv'...

Entorno virtual creado.
Activando el entorno virtual...
Entorno activado.
Instalando dependencias desde 'requirements.txt'...

Dependencias instaladas correctamente.

[FASE 2/6] Configurando el archivo de entorno...
Generando nueva clave de encriptacion...
Clave generada.
Creando archivo '.env' desde '.env.example'...
------------------------------------------------------------------
[ACCION REQUERIDA]
Se ha generado una nueva clave de encriptacion:

CLAVE: Generando la llave criptografica de Fernet... Llave generada, copia y pegala en tu .env para poder arrancar los servicios (con comillas sin la b inicial) b'q23juZAIkEKHloHMAj7DTnAzwazeWnW2yerEPVJysls='

Por favor, abre el archivo '.env' y pega esta clave como valor para 'FERNET_KEY'.
Ejemplo: FERNET_KEY='Generando la llave criptografica de Fernet... Llave generada, copia y pegala en tu .env para poder arrancar los servicios (con comillas sin la b inicial) b'q23juZAIkEKHloHMAj7DTnAzwazeWnW2yerEPVJysls=''
------------------------------------------------------------------


[FASE 3/6] Inicializando la base de datos...

Base de datos inicializada correctamente.

[FASE 4/6] Creando archivos de log...
Archivos de log creados.

[FASE 5/6] Ejecutando pruebas unitarias...

Todas las pruebas pasaron exitosamente.

[FASE 6/6] Â¡Configuracion completada!
Todo esta listo para empezar a desarrollar.
Para iniciar el servidor, puedes ejecutar el script 'start_server.ps1' o el comando 'python -m app.main'.
Servidor disponible en: http://127.0.0.1:5000
**********************
Fin de la transcripción de Windows PowerShell
Hora de finalización: 20251125215247
**********************
